<?xml version="1.0"?>
<!DOCTYPE coverage SYSTEM "http://cobertura.sourceforge.net/xml/coverage-04.dtd">

<coverage line-rate="0.6992215145081387" branch-rate="0.6481835564053537" lines-covered="988" lines-valid="1413" branches-covered="339" branches-valid="523" complexity="2.0792079207920793" version="1.9.4.1" timestamp="1327420039841">
	<sources>
		<source>--source</source>
		<source>/Users/sebi/Documents/workspace/perfidix/perfidix/src/main/java</source>
	</sources>
	<packages>
		<package name="org.perfidix" line-rate="0.8922155688622755" branch-rate="0.890625" complexity="2.6956521739130435">
			<classes>
				<class name="org.perfidix.AbstractConfig" filename="org/perfidix/AbstractConfig.java" line-rate="1.0" branch-rate="1.0" complexity="1.0">
					<methods>
						<method name="&lt;clinit&gt;" signature="()V" line-rate="1.0" branch-rate="1.0">
							<lines>
								<line number="72" hits="6" branch="false"/>
								<line number="76" hits="6" branch="false"/>
								<line number="79" hits="6" branch="false"/>
							</lines>
						</method>
						<method name="&lt;init&gt;" signature="(I[Lorg/perfidix/meter/AbstractMeter;[Lorg/perfidix/ouput/AbstractOutput;Lorg/perfidix/element/KindOfArrangement;D)V" line-rate="1.0" branch-rate="1.0">
							<lines>
								<line number="106" hits="127" branch="false"/>
								<line number="107" hits="127" branch="false"/>
								<line number="109" hits="127" branch="false"/>
								<line number="110" hits="127" branch="false"/>
								<line number="112" hits="127" branch="false"/>
								<line number="113" hits="127" branch="false"/>
								<line number="115" hits="127" branch="false"/>
								<line number="116" hits="127" branch="false"/>
								<line number="117" hits="127" branch="false"/>
							</lines>
						</method>
						<method name="access$000" signature="()[Lorg/perfidix/meter/AbstractMeter;" line-rate="1.0" branch-rate="1.0">
							<lines>
							</lines>
						</method>
						<method name="access$100" signature="()[Lorg/perfidix/ouput/AbstractOutput;" line-rate="1.0" branch-rate="1.0">
							<lines>
							</lines>
						</method>
						<method name="access$200" signature="()Lorg/perfidix/element/KindOfArrangement;" line-rate="1.0" branch-rate="1.0">
							<lines>
								<line number="66" hits="306" branch="false"/>
							</lines>
						</method>
						<method name="getArrangement" signature="()Lorg/perfidix/element/KindOfArrangement;" line-rate="1.0" branch-rate="1.0">
							<lines>
								<line number="165" hits="52" branch="false"/>
							</lines>
						</method>
						<method name="getGcProb" signature="()D" line-rate="1.0" branch-rate="1.0">
							<lines>
								<line number="145" hits="4004" branch="false"/>
							</lines>
						</method>
						<method name="getListener" signature="()[Lorg/perfidix/ouput/AbstractOutput;" line-rate="1.0" branch-rate="1.0">
							<lines>
								<line number="154" hits="62" branch="false"/>
								<line number="155" hits="62" branch="false"/>
								<line number="156" hits="62" branch="false"/>
							</lines>
						</method>
						<method name="getMeters" signature="()[Lorg/perfidix/meter/AbstractMeter;" line-rate="1.0" branch-rate="1.0">
							<lines>
								<line number="125" hits="77" branch="false"/>
								<line number="126" hits="77" branch="false"/>
								<line number="127" hits="77" branch="false"/>
							</lines>
						</method>
						<method name="getRuns" signature="()I" line-rate="1.0" branch-rate="1.0">
							<lines>
								<line number="136" hits="93" branch="false"/>
							</lines>
						</method>
					</methods>
					<lines>
						<line number="66" hits="306" branch="false"/>
						<line number="72" hits="6" branch="false"/>
						<line number="76" hits="6" branch="false"/>
						<line number="79" hits="6" branch="false"/>
						<line number="106" hits="127" branch="false"/>
						<line number="107" hits="127" branch="false"/>
						<line number="109" hits="127" branch="false"/>
						<line number="110" hits="127" branch="false"/>
						<line number="112" hits="127" branch="false"/>
						<line number="113" hits="127" branch="false"/>
						<line number="115" hits="127" branch="false"/>
						<line number="116" hits="127" branch="false"/>
						<line number="117" hits="127" branch="false"/>
						<line number="125" hits="77" branch="false"/>
						<line number="126" hits="77" branch="false"/>
						<line number="127" hits="77" branch="false"/>
						<line number="136" hits="93" branch="false"/>
						<line number="145" hits="4004" branch="false"/>
						<line number="154" hits="62" branch="false"/>
						<line number="155" hits="62" branch="false"/>
						<line number="156" hits="62" branch="false"/>
						<line number="165" hits="52" branch="false"/>
					</lines>
				</class>
				<class name="org.perfidix.AbstractConfig$StandardConfig" filename="org/perfidix/AbstractConfig.java" line-rate="1.0" branch-rate="1.0" complexity="1.0">
					<methods>
						<method name="&lt;init&gt;" signature="()V" line-rate="1.0" branch-rate="1.0">
							<lines>
								<line number="179" hits="102" branch="false"/>
								<line number="180" hits="102" branch="false"/>
							</lines>
						</method>
					</methods>
					<lines>
						<line number="179" hits="102" branch="false"/>
						<line number="180" hits="102" branch="false"/>
					</lines>
				</class>
				<class name="org.perfidix.Benchmark" filename="org/perfidix/Benchmark.java" line-rate="0.9008264462809917" branch-rate="0.8888888888888888" complexity="4.0">
					<methods>
						<method name="&lt;clinit&gt;" signature="()V" line-rate="1.0" branch-rate="1.0">
							<lines>
								<line number="100" hits="6" branch="false"/>
							</lines>
						</method>
						<method name="&lt;init&gt;" signature="()V" line-rate="1.0" branch-rate="1.0">
							<lines>
								<line number="126" hits="5" branch="false"/>
								<line number="127" hits="5" branch="false"/>
							</lines>
						</method>
						<method name="&lt;init&gt;" signature="(Lorg/perfidix/AbstractConfig;)V" line-rate="1.0" branch-rate="1.0">
							<lines>
								<line number="111" hits="67" branch="false"/>
								<line number="112" hits="67" branch="false"/>
								<line number="113" hits="67" branch="false"/>
								<line number="114" hits="67" branch="false"/>
								<line number="115" hits="67" branch="false"/>
								<line number="117" hits="144" branch="true" condition-coverage="100% (2/2)">
									<conditions>
										<condition number="0" type="jump" coverage="100%"/>
									</conditions>
								</line>
								<line number="118" hits="77" branch="false"/>
								<line number="120" hits="67" branch="false"/>
							</lines>
						</method>
						<method name="add" signature="(Ljava/lang/Class;)V" line-rate="1.0" branch-rate="1.0">
							<lines>
								<line number="137" hits="77" branch="true" condition-coverage="100% (2/2)">
									<conditions>
										<condition number="0" type="jump" coverage="100%"/>
									</conditions>
								</line>
								<line number="138" hits="10" branch="false"/>
								<line number="141" hits="67" branch="false"/>
								<line number="143" hits="67" branch="false"/>
							</lines>
						</method>
						<method name="add" signature="(Ljava/lang/Object;)V" line-rate="1.0" branch-rate="1.0">
							<lines>
								<line number="153" hits="25" branch="false"/>
								<line number="155" hits="25" branch="true" condition-coverage="100% (2/2)">
									<conditions>
										<condition number="0" type="jump" coverage="100%"/>
									</conditions>
								</line>
								<line number="156" hits="5" branch="false"/>
								<line number="159" hits="20" branch="false"/>
								<line number="160" hits="20" branch="false"/>
								<line number="162" hits="20" branch="false"/>
							</lines>
						</method>
						<method name="executeBeforeBenchClass" signature="(Ljava/util/Map;Lorg/perfidix/result/BenchmarkResult;)Ljava/util/Map;" line-rate="0.8260869565217391" branch-rate="0.8">
							<lines>
								<line number="292" hits="42" branch="false"/>
								<line number="296" hits="42" branch="true" condition-coverage="100% (2/2)">
									<conditions>
										<condition number="0" type="jump" coverage="100%"/>
									</conditions>
								</line>
								<line number="298" hits="52" branch="false"/>
								<line number="300" hits="52" branch="false"/>
								<line number="301" hits="52" branch="false"/>
								<line number="303" hits="52" branch="false"/>
								<line number="308" hits="0" branch="false"/>
								<line number="309" hits="0" branch="false"/>
								<line number="310" hits="0" branch="false"/>
								<line number="311" hits="52" branch="false"/>
								<line number="313" hits="52" branch="true" condition-coverage="50% (1/2)">
									<conditions>
										<condition number="0" type="jump" coverage="50%"/>
									</conditions>
								</line>
								<line number="314" hits="52" branch="true" condition-coverage="100% (2/2)">
									<conditions>
										<condition number="0" type="jump" coverage="100%"/>
									</conditions>
								</line>
								<line number="317" hits="15" branch="false"/>
								<line number="321" hits="37" branch="false"/>
								<line number="325" hits="37" branch="true" condition-coverage="50% (1/2)">
									<conditions>
										<condition number="0" type="jump" coverage="50%"/>
									</conditions>
								</line>
								<line number="326" hits="37" branch="false"/>
								<line number="330" hits="37" branch="true" condition-coverage="100% (2/2)">
									<conditions>
										<condition number="0" type="jump" coverage="100%"/>
									</conditions>
								</line>
								<line number="331" hits="31" branch="false"/>
								<line number="333" hits="6" branch="false"/>
								<line number="335" hits="37" branch="false"/>
								<line number="336" hits="0" branch="false"/>
								<line number="340" hits="52" branch="false"/>
								<line number="341" hits="42" branch="false"/>
							</lines>
						</method>
						<method name="getBenchmarkElements" signature="()Ljava/util/Set;" line-rate="1.0" branch-rate="1.0">
							<lines>
								<line number="423" hits="42" branch="false"/>
								<line number="426" hits="42" branch="false"/>
								<line number="428" hits="42" branch="true" condition-coverage="100% (2/2)">
									<conditions>
										<condition number="0" type="jump" coverage="100%"/>
									</conditions>
								</line>
								<line number="429" hits="93" branch="false"/>
								<line number="432" hits="93" branch="true" condition-coverage="100% (2/2)">
									<conditions>
										<condition number="0" type="jump" coverage="100%"/>
									</conditions>
								</line>
								<line number="433" hits="32" branch="false"/>
								<line number="438" hits="4113" branch="true" condition-coverage="100% (2/2)">
									<conditions>
										<condition number="0" type="jump" coverage="100%"/>
									</conditions>
								</line>
								<line number="439" hits="4020" branch="false"/>
								<line number="441" hits="93" branch="false"/>
								<line number="443" hits="42" branch="false"/>
							</lines>
						</method>
						<method name="getBenchmarkMethods" signature="()Ljava/util/Set;" line-rate="1.0" branch-rate="1.0">
							<lines>
								<line number="399" hits="58" branch="false"/>
								<line number="401" hits="58" branch="true" condition-coverage="100% (2/2)">
									<conditions>
										<condition number="0" type="jump" coverage="100%"/>
									</conditions>
								</line>
								<line number="402" hits="804" branch="true" condition-coverage="100% (2/2)">
									<conditions>
										<condition number="0" type="jump" coverage="100%"/>
									</conditions>
								</line>
								<line number="404" hits="716" branch="true" condition-coverage="100% (2/2)">
									<conditions>
										<condition number="0" type="jump" coverage="100%"/>
									</conditions>
								</line>
								<line number="405" hits="175" branch="false"/>
								<line number="407" hits="175" branch="false"/>
								<line number="411" hits="58" branch="false"/>
							</lines>
						</method>
						<method name="getNumberOfMethodsAndRuns" signature="()Ljava/util/Map;" line-rate="1.0" branch-rate="1.0">
							<lines>
								<line number="170" hits="16" branch="false"/>
								<line number="172" hits="16" branch="false"/>
								<line number="173" hits="16" branch="true" condition-coverage="100% (2/2)">
									<conditions>
										<condition number="0" type="jump" coverage="100%"/>
									</conditions>
								</line>
								<line number="174" hits="82" branch="false"/>
								<line number="177" hits="82" branch="true" condition-coverage="100% (2/2)">
									<conditions>
										<condition number="0" type="jump" coverage="100%"/>
									</conditions>
								</line>
								<line number="178" hits="6" branch="false"/>
								<line number="180" hits="82" branch="false"/>
								<line number="181" hits="82" branch="false"/>
								<line number="182" hits="16" branch="false"/>
							</lines>
						</method>
						<method name="instantiateMethods" signature="(Lorg/perfidix/result/BenchmarkResult;)Ljava/util/Map;" line-rate="0.7333333333333333" branch-rate="1.0">
							<lines>
								<line number="247" hits="42" branch="false"/>
								<line number="251" hits="42" branch="true" condition-coverage="100% (2/2)">
									<conditions>
										<condition number="0" type="jump" coverage="100%"/>
									</conditions>
								</line>
								<line number="252" hits="5" branch="false"/>
								<line number="253" hits="5" branch="false"/>
								<line number="254" hits="5" branch="false"/>
								<line number="257" hits="42" branch="true" condition-coverage="100% (2/2)">
									<conditions>
										<condition number="0" type="jump" coverage="100%"/>
									</conditions>
								</line>
								<line number="260" hits="52" branch="true" condition-coverage="100% (2/2)">
									<conditions>
										<condition number="0" type="jump" coverage="100%"/>
									</conditions>
								</line>
								<line number="262" hits="47" branch="false"/>
								<line number="263" hits="47" branch="false"/>
								<line number="265" hits="0" branch="false"/>
								<line number="266" hits="0" branch="false"/>
								<line number="268" hits="0" branch="false"/>
								<line number="269" hits="0" branch="false"/>
								<line number="271" hits="99" branch="false"/>
								<line number="276" hits="42" branch="false"/>
							</lines>
						</method>
						<method name="run" signature="()Lorg/perfidix/result/BenchmarkResult;" line-rate="1.0" branch-rate="0.8333333333333334">
							<lines>
								<line number="192" hits="42" branch="false"/>
								<line number="193" hits="42" branch="false"/>
								<line number="196" hits="42" branch="false"/>
								<line number="199" hits="42" branch="false"/>
								<line number="204" hits="42" branch="false"/>
								<line number="207" hits="42" branch="false"/>
								<line number="211" hits="42" branch="true" condition-coverage="100% (2/2)">
									<conditions>
										<condition number="0" type="jump" coverage="100%"/>
									</conditions>
								</line>
								<line number="213" hits="3994" branch="true" condition-coverage="50% (1/2)">
									<conditions>
										<condition number="0" type="jump" coverage="50%"/>
									</conditions>
								</line>
								<line number="214" hits="3994" branch="false"/>
								<line number="217" hits="3994" branch="false"/>
								<line number="219" hits="3993" branch="false"/>
								<line number="223" hits="3993" branch="true" condition-coverage="100% (2/2)">
									<conditions>
										<condition number="0" type="jump" coverage="100%"/>
									</conditions>
								</line>
								<line number="224" hits="3933" branch="false"/>
								<line number="225" hits="3933" branch="false"/>
								<line number="226" hits="3933" branch="false"/>
								<line number="228" hits="3993" branch="false"/>
								<line number="231" hits="41" branch="false"/>
								<line number="232" hits="41" branch="false"/>
							</lines>
						</method>
						<method name="tearDownObjectsToExecute" signature="(Ljava/util/Map;Lorg/perfidix/result/BenchmarkResult;)V" line-rate="0.7777777777777778" branch-rate="0.7">
							<lines>
								<line number="357" hits="41" branch="true" condition-coverage="100% (2/2)">
									<conditions>
										<condition number="0" type="jump" coverage="100%"/>
									</conditions>
								</line>
								<line number="358" hits="45" branch="false"/>
								<line number="359" hits="45" branch="true" condition-coverage="50% (1/2)">
									<conditions>
										<condition number="0" type="jump" coverage="50%"/>
									</conditions>
								</line>
								<line number="361" hits="45" branch="false"/>
								<line number="363" hits="45" branch="false"/>
								<line number="366" hits="0" branch="false"/>
								<line number="367" hits="0" branch="false"/>
								<line number="368" hits="45" branch="false"/>
								<line number="371" hits="45" branch="true" condition-coverage="100% (2/2)">
									<conditions>
										<condition number="0" type="jump" coverage="100%"/>
									</conditions>
								</line>
								<line number="372" hits="25" branch="false"/>
								<line number="376" hits="25" branch="true" condition-coverage="50% (1/2)">
									<conditions>
										<condition number="0" type="jump" coverage="50%"/>
									</conditions>
								</line>
								<line number="377" hits="25" branch="false"/>
								<line number="381" hits="25" branch="true" condition-coverage="50% (1/2)">
									<conditions>
										<condition number="0" type="jump" coverage="50%"/>
									</conditions>
								</line>
								<line number="382" hits="0" branch="false"/>
								<line number="384" hits="25" branch="false"/>
								<line number="385" hits="0" branch="false"/>
								<line number="389" hits="45" branch="false"/>
								<line number="390" hits="41" branch="false"/>
							</lines>
						</method>
					</methods>
					<lines>
						<line number="100" hits="6" branch="false"/>
						<line number="111" hits="67" branch="false"/>
						<line number="112" hits="67" branch="false"/>
						<line number="113" hits="67" branch="false"/>
						<line number="114" hits="67" branch="false"/>
						<line number="115" hits="67" branch="false"/>
						<line number="117" hits="144" branch="true" condition-coverage="100% (2/2)">
							<conditions>
								<condition number="0" type="jump" coverage="100%"/>
							</conditions>
						</line>
						<line number="118" hits="77" branch="false"/>
						<line number="120" hits="67" branch="false"/>
						<line number="126" hits="5" branch="false"/>
						<line number="127" hits="5" branch="false"/>
						<line number="137" hits="77" branch="true" condition-coverage="100% (2/2)">
							<conditions>
								<condition number="0" type="jump" coverage="100%"/>
							</conditions>
						</line>
						<line number="138" hits="10" branch="false"/>
						<line number="141" hits="67" branch="false"/>
						<line number="143" hits="67" branch="false"/>
						<line number="153" hits="25" branch="false"/>
						<line number="155" hits="25" branch="true" condition-coverage="100% (2/2)">
							<conditions>
								<condition number="0" type="jump" coverage="100%"/>
							</conditions>
						</line>
						<line number="156" hits="5" branch="false"/>
						<line number="159" hits="20" branch="false"/>
						<line number="160" hits="20" branch="false"/>
						<line number="162" hits="20" branch="false"/>
						<line number="170" hits="16" branch="false"/>
						<line number="172" hits="16" branch="false"/>
						<line number="173" hits="16" branch="true" condition-coverage="100% (2/2)">
							<conditions>
								<condition number="0" type="jump" coverage="100%"/>
							</conditions>
						</line>
						<line number="174" hits="82" branch="false"/>
						<line number="177" hits="82" branch="true" condition-coverage="100% (2/2)">
							<conditions>
								<condition number="0" type="jump" coverage="100%"/>
							</conditions>
						</line>
						<line number="178" hits="6" branch="false"/>
						<line number="180" hits="82" branch="false"/>
						<line number="181" hits="82" branch="false"/>
						<line number="182" hits="16" branch="false"/>
						<line number="192" hits="42" branch="false"/>
						<line number="193" hits="42" branch="false"/>
						<line number="196" hits="42" branch="false"/>
						<line number="199" hits="42" branch="false"/>
						<line number="204" hits="42" branch="false"/>
						<line number="207" hits="42" branch="false"/>
						<line number="211" hits="42" branch="true" condition-coverage="100% (2/2)">
							<conditions>
								<condition number="0" type="jump" coverage="100%"/>
							</conditions>
						</line>
						<line number="213" hits="3994" branch="true" condition-coverage="50% (1/2)">
							<conditions>
								<condition number="0" type="jump" coverage="50%"/>
							</conditions>
						</line>
						<line number="214" hits="3994" branch="false"/>
						<line number="217" hits="3994" branch="false"/>
						<line number="219" hits="3993" branch="false"/>
						<line number="223" hits="3993" branch="true" condition-coverage="100% (2/2)">
							<conditions>
								<condition number="0" type="jump" coverage="100%"/>
							</conditions>
						</line>
						<line number="224" hits="3933" branch="false"/>
						<line number="225" hits="3933" branch="false"/>
						<line number="226" hits="3933" branch="false"/>
						<line number="228" hits="3993" branch="false"/>
						<line number="231" hits="41" branch="false"/>
						<line number="232" hits="41" branch="false"/>
						<line number="247" hits="42" branch="false"/>
						<line number="251" hits="42" branch="true" condition-coverage="100% (2/2)">
							<conditions>
								<condition number="0" type="jump" coverage="100%"/>
							</conditions>
						</line>
						<line number="252" hits="5" branch="false"/>
						<line number="253" hits="5" branch="false"/>
						<line number="254" hits="5" branch="false"/>
						<line number="257" hits="42" branch="true" condition-coverage="100% (2/2)">
							<conditions>
								<condition number="0" type="jump" coverage="100%"/>
							</conditions>
						</line>
						<line number="260" hits="52" branch="true" condition-coverage="100% (2/2)">
							<conditions>
								<condition number="0" type="jump" coverage="100%"/>
							</conditions>
						</line>
						<line number="262" hits="47" branch="false"/>
						<line number="263" hits="47" branch="false"/>
						<line number="265" hits="0" branch="false"/>
						<line number="266" hits="0" branch="false"/>
						<line number="268" hits="0" branch="false"/>
						<line number="269" hits="0" branch="false"/>
						<line number="271" hits="99" branch="false"/>
						<line number="276" hits="42" branch="false"/>
						<line number="292" hits="42" branch="false"/>
						<line number="296" hits="42" branch="true" condition-coverage="100% (2/2)">
							<conditions>
								<condition number="0" type="jump" coverage="100%"/>
							</conditions>
						</line>
						<line number="298" hits="52" branch="false"/>
						<line number="300" hits="52" branch="false"/>
						<line number="301" hits="52" branch="false"/>
						<line number="303" hits="52" branch="false"/>
						<line number="308" hits="0" branch="false"/>
						<line number="309" hits="0" branch="false"/>
						<line number="310" hits="0" branch="false"/>
						<line number="311" hits="52" branch="false"/>
						<line number="313" hits="52" branch="true" condition-coverage="50% (1/2)">
							<conditions>
								<condition number="0" type="jump" coverage="50%"/>
							</conditions>
						</line>
						<line number="314" hits="52" branch="true" condition-coverage="100% (2/2)">
							<conditions>
								<condition number="0" type="jump" coverage="100%"/>
							</conditions>
						</line>
						<line number="317" hits="15" branch="false"/>
						<line number="321" hits="37" branch="false"/>
						<line number="325" hits="37" branch="true" condition-coverage="50% (1/2)">
							<conditions>
								<condition number="0" type="jump" coverage="50%"/>
							</conditions>
						</line>
						<line number="326" hits="37" branch="false"/>
						<line number="330" hits="37" branch="true" condition-coverage="100% (2/2)">
							<conditions>
								<condition number="0" type="jump" coverage="100%"/>
							</conditions>
						</line>
						<line number="331" hits="31" branch="false"/>
						<line number="333" hits="6" branch="false"/>
						<line number="335" hits="37" branch="false"/>
						<line number="336" hits="0" branch="false"/>
						<line number="340" hits="52" branch="false"/>
						<line number="341" hits="42" branch="false"/>
						<line number="357" hits="41" branch="true" condition-coverage="100% (2/2)">
							<conditions>
								<condition number="0" type="jump" coverage="100%"/>
							</conditions>
						</line>
						<line number="358" hits="45" branch="false"/>
						<line number="359" hits="45" branch="true" condition-coverage="50% (1/2)">
							<conditions>
								<condition number="0" type="jump" coverage="50%"/>
							</conditions>
						</line>
						<line number="361" hits="45" branch="false"/>
						<line number="363" hits="45" branch="false"/>
						<line number="366" hits="0" branch="false"/>
						<line number="367" hits="0" branch="false"/>
						<line number="368" hits="45" branch="false"/>
						<line number="371" hits="45" branch="true" condition-coverage="100% (2/2)">
							<conditions>
								<condition number="0" type="jump" coverage="100%"/>
							</conditions>
						</line>
						<line number="372" hits="25" branch="false"/>
						<line number="376" hits="25" branch="true" condition-coverage="50% (1/2)">
							<conditions>
								<condition number="0" type="jump" coverage="50%"/>
							</conditions>
						</line>
						<line number="377" hits="25" branch="false"/>
						<line number="381" hits="25" branch="true" condition-coverage="50% (1/2)">
							<conditions>
								<condition number="0" type="jump" coverage="50%"/>
							</conditions>
						</line>
						<line number="382" hits="0" branch="false"/>
						<line number="384" hits="25" branch="false"/>
						<line number="385" hits="0" branch="false"/>
						<line number="389" hits="45" branch="false"/>
						<line number="390" hits="41" branch="false"/>
						<line number="399" hits="58" branch="false"/>
						<line number="401" hits="58" branch="true" condition-coverage="100% (2/2)">
							<conditions>
								<condition number="0" type="jump" coverage="100%"/>
							</conditions>
						</line>
						<line number="402" hits="804" branch="true" condition-coverage="100% (2/2)">
							<conditions>
								<condition number="0" type="jump" coverage="100%"/>
							</conditions>
						</line>
						<line number="404" hits="716" branch="true" condition-coverage="100% (2/2)">
							<conditions>
								<condition number="0" type="jump" coverage="100%"/>
							</conditions>
						</line>
						<line number="405" hits="175" branch="false"/>
						<line number="407" hits="175" branch="false"/>
						<line number="411" hits="58" branch="false"/>
						<line number="423" hits="42" branch="false"/>
						<line number="426" hits="42" branch="false"/>
						<line number="428" hits="42" branch="true" condition-coverage="100% (2/2)">
							<conditions>
								<condition number="0" type="jump" coverage="100%"/>
							</conditions>
						</line>
						<line number="429" hits="93" branch="false"/>
						<line number="432" hits="93" branch="true" condition-coverage="100% (2/2)">
							<conditions>
								<condition number="0" type="jump" coverage="100%"/>
							</conditions>
						</line>
						<line number="433" hits="32" branch="false"/>
						<line number="438" hits="4113" branch="true" condition-coverage="100% (2/2)">
							<conditions>
								<condition number="0" type="jump" coverage="100%"/>
							</conditions>
						</line>
						<line number="439" hits="4020" branch="false"/>
						<line number="441" hits="93" branch="false"/>
						<line number="443" hits="42" branch="false"/>
					</lines>
				</class>
				<class name="org.perfidix.Perfidix" filename="org/perfidix/Perfidix.java" line-rate="0.7272727272727273" branch-rate="0.9" complexity="2.2">
					<methods>
						<method name="&lt;init&gt;" signature="()V" line-rate="0.0" branch-rate="1.0">
							<lines>
								<line number="72" hits="0" branch="false"/>
								<line number="73" hits="0" branch="false"/>
							</lines>
						</method>
						<method name="getConfiguration" signature="([Ljava/lang/String;)Lorg/perfidix/AbstractConfig;" line-rate="0.9090909090909091" branch-rate="0.875">
							<lines>
								<line number="139" hits="25" branch="false"/>
								<line number="140" hits="70" branch="true" condition-coverage="100% (2/2)">
									<conditions>
										<condition number="0" type="jump" coverage="100%"/>
									</conditions>
								</line>
								<line number="141" hits="45" branch="false"/>
								<line number="142" hits="45" branch="false"/>
								<line number="143" hits="45" branch="true" condition-coverage="100% (2/2)">
									<conditions>
										<condition number="0" type="jump" coverage="100%"/>
									</conditions>
								</line>
								<line number="144" hits="15" branch="true" condition-coverage="50% (1/2)">
									<conditions>
										<condition number="0" type="jump" coverage="50%"/>
									</conditions>
								</line>
								<line number="145" hits="15" branch="false"/>
								<line number="147" hits="0" branch="false"/>
								<line number="152" hits="25" branch="true" condition-coverage="100% (2/2)">
									<conditions>
										<condition number="0" type="jump" coverage="100%"/>
									</conditions>
								</line>
								<line number="153" hits="10" branch="false"/>
								<line number="155" hits="25" branch="false"/>
							</lines>
						</method>
						<method name="main" signature="([Ljava/lang/String;)V" line-rate="0.0" branch-rate="1.0">
							<lines>
								<line number="173" hits="0" branch="false"/>
								<line number="174" hits="0" branch="false"/>
								<line number="175" hits="0" branch="false"/>
							</lines>
						</method>
						<method name="runBenchs" signature="([Ljava/lang/String;)Lorg/perfidix/result/BenchmarkResult;" line-rate="1.0" branch-rate="1.0">
							<lines>
								<line number="91" hits="10" branch="false"/>
								<line number="93" hits="10" branch="false"/>
								<line number="94" hits="10" branch="false"/>
							</lines>
						</method>
						<method name="setUpBenchmark" signature="([Ljava/lang/String;Lorg/perfidix/Benchmark;)Lorg/perfidix/Benchmark;" line-rate="1.0" branch-rate="1.0">
							<lines>
								<line number="111" hits="70" branch="true" condition-coverage="100% (2/2)">
									<conditions>
										<condition number="0" type="jump" coverage="100%"/>
									</conditions>
								</line>
								<line number="112" hits="45" branch="false"/>
								<line number="114" hits="25" branch="false"/>
							</lines>
						</method>
					</methods>
					<lines>
						<line number="72" hits="0" branch="false"/>
						<line number="73" hits="0" branch="false"/>
						<line number="91" hits="10" branch="false"/>
						<line number="93" hits="10" branch="false"/>
						<line number="94" hits="10" branch="false"/>
						<line number="111" hits="70" branch="true" condition-coverage="100% (2/2)">
							<conditions>
								<condition number="0" type="jump" coverage="100%"/>
							</conditions>
						</line>
						<line number="112" hits="45" branch="false"/>
						<line number="114" hits="25" branch="false"/>
						<line number="139" hits="25" branch="false"/>
						<line number="140" hits="70" branch="true" condition-coverage="100% (2/2)">
							<conditions>
								<condition number="0" type="jump" coverage="100%"/>
							</conditions>
						</line>
						<line number="141" hits="45" branch="false"/>
						<line number="142" hits="45" branch="false"/>
						<line number="143" hits="45" branch="true" condition-coverage="100% (2/2)">
							<conditions>
								<condition number="0" type="jump" coverage="100%"/>
							</conditions>
						</line>
						<line number="144" hits="15" branch="true" condition-coverage="50% (1/2)">
							<conditions>
								<condition number="0" type="jump" coverage="50%"/>
							</conditions>
						</line>
						<line number="145" hits="15" branch="false"/>
						<line number="147" hits="0" branch="false"/>
						<line number="152" hits="25" branch="true" condition-coverage="100% (2/2)">
							<conditions>
								<condition number="0" type="jump" coverage="100%"/>
							</conditions>
						</line>
						<line number="153" hits="10" branch="false"/>
						<line number="155" hits="25" branch="false"/>
						<line number="173" hits="0" branch="false"/>
						<line number="174" hits="0" branch="false"/>
						<line number="175" hits="0" branch="false"/>
					</lines>
				</class>
			</classes>
		</package>
		<package name="org.perfidix.annotation" line-rate="1.0" branch-rate="1.0" complexity="0.0">
			<classes>
				<class name="org.perfidix.annotation.AfterBenchClass" filename="org/perfidix/annotation/AfterBenchClass.java" line-rate="1.0" branch-rate="1.0" complexity="0.0">
					<methods>
					</methods>
					<lines>
					</lines>
				</class>
				<class name="org.perfidix.annotation.AfterEachRun" filename="org/perfidix/annotation/AfterEachRun.java" line-rate="1.0" branch-rate="1.0" complexity="0.0">
					<methods>
					</methods>
					<lines>
					</lines>
				</class>
				<class name="org.perfidix.annotation.AfterLastRun" filename="org/perfidix/annotation/AfterLastRun.java" line-rate="1.0" branch-rate="1.0" complexity="0.0">
					<methods>
					</methods>
					<lines>
					</lines>
				</class>
				<class name="org.perfidix.annotation.BeforeBenchClass" filename="org/perfidix/annotation/BeforeBenchClass.java" line-rate="1.0" branch-rate="1.0" complexity="0.0">
					<methods>
					</methods>
					<lines>
					</lines>
				</class>
				<class name="org.perfidix.annotation.BeforeEachRun" filename="org/perfidix/annotation/BeforeEachRun.java" line-rate="1.0" branch-rate="1.0" complexity="0.0">
					<methods>
					</methods>
					<lines>
					</lines>
				</class>
				<class name="org.perfidix.annotation.BeforeFirstRun" filename="org/perfidix/annotation/BeforeFirstRun.java" line-rate="1.0" branch-rate="1.0" complexity="0.0">
					<methods>
					</methods>
					<lines>
					</lines>
				</class>
				<class name="org.perfidix.annotation.Bench" filename="org/perfidix/annotation/Bench.java" line-rate="1.0" branch-rate="1.0" complexity="0.0">
					<methods>
					</methods>
					<lines>
					</lines>
				</class>
				<class name="org.perfidix.annotation.BenchClass" filename="org/perfidix/annotation/BenchClass.java" line-rate="1.0" branch-rate="1.0" complexity="0.0">
					<methods>
					</methods>
					<lines>
					</lines>
				</class>
				<class name="org.perfidix.annotation.BenchmarkConfig" filename="org/perfidix/annotation/BenchmarkConfig.java" line-rate="1.0" branch-rate="1.0" complexity="0.0">
					<methods>
					</methods>
					<lines>
					</lines>
				</class>
				<class name="org.perfidix.annotation.SkipBench" filename="org/perfidix/annotation/SkipBench.java" line-rate="1.0" branch-rate="1.0" complexity="0.0">
					<methods>
					</methods>
					<lines>
					</lines>
				</class>
			</classes>
		</package>
		<package name="org.perfidix.element" line-rate="0.8470254957507082" branch-rate="0.8" complexity="4.1">
			<classes>
				<class name="org.perfidix.element.AbstractMethodArrangement" filename="org/perfidix/element/AbstractMethodArrangement.java" line-rate="0.9333333333333333" branch-rate="0.75" complexity="2.0">
					<methods>
						<method name="&lt;init&gt;" signature="(Ljava/util/Set;)V" line-rate="1.0" branch-rate="1.0">
							<lines>
								<line number="59" hits="57" branch="false"/>
								<line number="60" hits="57" branch="false"/>
								<line number="61" hits="57" branch="false"/>
								<line number="62" hits="57" branch="false"/>
							</lines>
						</method>
						<method name="getMethodArrangement" signature="(Ljava/util/Set;Lorg/perfidix/element/KindOfArrangement;)Lorg/perfidix/element/AbstractMethodArrangement;" line-rate="0.9" branch-rate="0.75">
							<lines>
								<line number="92" hits="57" branch="false"/>
								<line number="93" hits="57" branch="true" condition-coverage="75% (3/4)">
									<conditions>
										<condition number="0" type="switch" coverage="75%"/>
									</conditions>
								</line>
								<line number="95" hits="42" branch="false"/>
								<line number="96" hits="42" branch="false"/>
								<line number="98" hits="5" branch="false"/>
								<line number="99" hits="5" branch="false"/>
								<line number="101" hits="10" branch="false"/>
								<line number="102" hits="10" branch="false"/>
								<line number="104" hits="0" branch="false"/>
								<line number="106" hits="57" branch="false"/>
							</lines>
						</method>
						<method name="iterator" signature="()Ljava/util/Iterator;" line-rate="1.0" branch-rate="1.0">
							<lines>
								<line number="76" hits="57" branch="false"/>
							</lines>
						</method>
					</methods>
					<lines>
						<line number="59" hits="57" branch="false"/>
						<line number="60" hits="57" branch="false"/>
						<line number="61" hits="57" branch="false"/>
						<line number="62" hits="57" branch="false"/>
						<line number="76" hits="57" branch="false"/>
						<line number="92" hits="57" branch="false"/>
						<line number="93" hits="57" branch="true" condition-coverage="75% (3/4)">
							<conditions>
								<condition number="0" type="switch" coverage="75%"/>
							</conditions>
						</line>
						<line number="95" hits="42" branch="false"/>
						<line number="96" hits="42" branch="false"/>
						<line number="98" hits="5" branch="false"/>
						<line number="99" hits="5" branch="false"/>
						<line number="101" hits="10" branch="false"/>
						<line number="102" hits="10" branch="false"/>
						<line number="104" hits="0" branch="false"/>
						<line number="106" hits="57" branch="false"/>
					</lines>
				</class>
				<class name="org.perfidix.element.AbstractMethodArrangement$1" filename="org/perfidix/element/AbstractMethodArrangement.java" line-rate="1.0" branch-rate="1.0" complexity="2.0">
					<methods>
						<method name="&lt;clinit&gt;" signature="()V" line-rate="1.0" branch-rate="1.0">
							<lines>
								<line number="93" hits="6" branch="false"/>
							</lines>
						</method>
					</methods>
					<lines>
						<line number="93" hits="6" branch="false"/>
					</lines>
				</class>
				<class name="org.perfidix.element.BenchmarkElement" filename="org/perfidix/element/BenchmarkElement.java" line-rate="0.7647058823529411" branch-rate="0.5" complexity="2.5">
					<methods>
						<method name="&lt;clinit&gt;" signature="()V" line-rate="1.0" branch-rate="1.0">
							<lines>
								<line number="51" hits="6" branch="false"/>
							</lines>
						</method>
						<method name="&lt;init&gt;" signature="(Lorg/perfidix/element/BenchmarkMethod;)V" line-rate="1.0" branch-rate="1.0">
							<lines>
								<line number="60" hits="4135" branch="false"/>
								<line number="61" hits="4135" branch="false"/>
								<line number="62" hits="4135" branch="true" condition-coverage="100% (2/2)">
									<conditions>
										<condition number="0" type="jump" coverage="100%"/>
									</conditions>
								</line>
								<line number="63" hits="118" branch="false"/>
								<line number="65" hits="4135" branch="false"/>
								<line number="66" hits="4135" branch="false"/>
								<line number="68" hits="4135" branch="false"/>
							</lines>
						</method>
						<method name="equals" signature="(Ljava/lang/Object;)Z" line-rate="0.625" branch-rate="0.42857142857142855">
							<lines>
								<line number="105" hits="5" branch="false"/>
								<line number="106" hits="5" branch="true" condition-coverage="50% (1/2)">
									<conditions>
										<condition number="0" type="jump" coverage="50%"/>
									</conditions>
								</line>
								<line number="107" hits="0" branch="false"/>
								<line number="109" hits="5" branch="true" condition-coverage="50% (1/2)">
									<conditions>
										<condition number="0" type="jump" coverage="50%"/>
									</conditions>
								</line>
								<line number="110" hits="0" branch="false"/>
								<line number="112" hits="5" branch="true" condition-coverage="50% (1/2)">
									<conditions>
										<condition number="0" type="jump" coverage="50%"/>
									</conditions>
								</line>
								<line number="113" hits="0" branch="false"/>
								<line number="115" hits="5" branch="false"/>
								<line number="116" hits="5" branch="true" condition-coverage="50% (1/2)">
									<conditions>
										<condition number="0" type="jump" coverage="50%"/>
									</conditions>
								</line>
								<line number="117" hits="5" branch="false"/>
								<line number="119" hits="5" branch="true" condition-coverage="50% (1/2)">
									<conditions>
										<condition number="0" type="jump" coverage="50%"/>
									</conditions>
								</line>
								<line number="120" hits="0" branch="true" condition-coverage="0% (0/2)">
									<conditions>
										<condition number="0" type="jump" coverage="0%"/>
									</conditions>
								</line>
								<line number="121" hits="0" branch="false"/>
								<line number="124" hits="5" branch="true" condition-coverage="50% (1/2)">
									<conditions>
										<condition number="0" type="jump" coverage="50%"/>
									</conditions>
								</line>
								<line number="125" hits="0" branch="false"/>
								<line number="128" hits="5" branch="false"/>
							</lines>
						</method>
						<method name="getId" signature="()I" line-rate="1.0" branch-rate="1.0">
							<lines>
								<line number="76" hits="4145" branch="false"/>
							</lines>
						</method>
						<method name="getMeth" signature="()Lorg/perfidix/element/BenchmarkMethod;" line-rate="1.0" branch-rate="1.0">
							<lines>
								<line number="85" hits="26901" branch="false"/>
							</lines>
						</method>
						<method name="hashCode" signature="()I" line-rate="0.8571428571428571" branch-rate="0.5">
							<lines>
								<line number="91" hits="4090" branch="false"/>
								<line number="92" hits="4090" branch="false"/>
								<line number="93" hits="4090" branch="false"/>
								<line number="94" hits="4090" branch="true" condition-coverage="50% (1/2)">
									<conditions>
										<condition number="0" type="jump" coverage="50%"/>
									</conditions>
								</line>
								<line number="95" hits="0" branch="false"/>
								<line number="97" hits="4090" branch="false"/>
								<line number="99" hits="4090" branch="false"/>
							</lines>
						</method>
						<method name="toString" signature="()Ljava/lang/String;" line-rate="0.0" branch-rate="1.0">
							<lines>
								<line number="136" hits="0" branch="false"/>
							</lines>
						</method>
					</methods>
					<lines>
						<line number="51" hits="6" branch="false"/>
						<line number="60" hits="4135" branch="false"/>
						<line number="61" hits="4135" branch="false"/>
						<line number="62" hits="4135" branch="true" condition-coverage="100% (2/2)">
							<conditions>
								<condition number="0" type="jump" coverage="100%"/>
							</conditions>
						</line>
						<line number="63" hits="118" branch="false"/>
						<line number="65" hits="4135" branch="false"/>
						<line number="66" hits="4135" branch="false"/>
						<line number="68" hits="4135" branch="false"/>
						<line number="76" hits="4145" branch="false"/>
						<line number="85" hits="26901" branch="false"/>
						<line number="91" hits="4090" branch="false"/>
						<line number="92" hits="4090" branch="false"/>
						<line number="93" hits="4090" branch="false"/>
						<line number="94" hits="4090" branch="true" condition-coverage="50% (1/2)">
							<conditions>
								<condition number="0" type="jump" coverage="50%"/>
							</conditions>
						</line>
						<line number="95" hits="0" branch="false"/>
						<line number="97" hits="4090" branch="false"/>
						<line number="99" hits="4090" branch="false"/>
						<line number="105" hits="5" branch="false"/>
						<line number="106" hits="5" branch="true" condition-coverage="50% (1/2)">
							<conditions>
								<condition number="0" type="jump" coverage="50%"/>
							</conditions>
						</line>
						<line number="107" hits="0" branch="false"/>
						<line number="109" hits="5" branch="true" condition-coverage="50% (1/2)">
							<conditions>
								<condition number="0" type="jump" coverage="50%"/>
							</conditions>
						</line>
						<line number="110" hits="0" branch="false"/>
						<line number="112" hits="5" branch="true" condition-coverage="50% (1/2)">
							<conditions>
								<condition number="0" type="jump" coverage="50%"/>
							</conditions>
						</line>
						<line number="113" hits="0" branch="false"/>
						<line number="115" hits="5" branch="false"/>
						<line number="116" hits="5" branch="true" condition-coverage="50% (1/2)">
							<conditions>
								<condition number="0" type="jump" coverage="50%"/>
							</conditions>
						</line>
						<line number="117" hits="5" branch="false"/>
						<line number="119" hits="5" branch="true" condition-coverage="50% (1/2)">
							<conditions>
								<condition number="0" type="jump" coverage="50%"/>
							</conditions>
						</line>
						<line number="120" hits="0" branch="true" condition-coverage="0% (0/2)">
							<conditions>
								<condition number="0" type="jump" coverage="0%"/>
							</conditions>
						</line>
						<line number="121" hits="0" branch="false"/>
						<line number="124" hits="5" branch="true" condition-coverage="50% (1/2)">
							<conditions>
								<condition number="0" type="jump" coverage="50%"/>
							</conditions>
						</line>
						<line number="125" hits="0" branch="false"/>
						<line number="128" hits="5" branch="false"/>
						<line number="136" hits="0" branch="false"/>
					</lines>
				</class>
				<class name="org.perfidix.element.BenchmarkExecutor" filename="org/perfidix/element/BenchmarkExecutor.java" line-rate="0.8469387755102041" branch-rate="0.9166666666666666" complexity="3.888888888888889">
					<methods>
						<method name="&lt;clinit&gt;" signature="()V" line-rate="1.0" branch-rate="1.0">
							<lines>
								<line number="63" hits="6" branch="false"/>
								<line number="67" hits="6" branch="false"/>
							</lines>
						</method>
						<method name="&lt;init&gt;" signature="(Lorg/perfidix/element/BenchmarkMethod;)V" line-rate="1.0" branch-rate="1.0">
							<lines>
								<line number="93" hits="112" branch="false"/>
								<line number="94" hits="112" branch="false"/>
								<line number="95" hits="112" branch="false"/>
								<line number="96" hits="112" branch="false"/>
								<line number="97" hits="112" branch="false"/>
							</lines>
						</method>
						<method name="checkAndExectuteBeforeAfters" signature="(Ljava/lang/Object;Ljava/lang/reflect/Method;Ljava/lang/Class;)V" line-rate="0.75" branch-rate="0.5">
							<lines>
								<line number="272" hits="3398" branch="false"/>
								<line number="274" hits="3398" branch="true" condition-coverage="50% (1/2)">
									<conditions>
										<condition number="0" type="jump" coverage="50%"/>
									</conditions>
								</line>
								<line number="275" hits="3398" branch="false"/>
								<line number="277" hits="3398" branch="true" condition-coverage="50% (1/2)">
									<conditions>
										<condition number="0" type="jump" coverage="50%"/>
									</conditions>
								</line>
								<line number="278" hits="0" branch="false"/>
								<line number="281" hits="3398" branch="false"/>
								<line number="282" hits="0" branch="false"/>
								<line number="284" hits="3398" branch="false"/>
							</lines>
						</method>
						<method name="checkMethod" signature="(Ljava/lang/Object;Ljava/lang/reflect/Method;Ljava/lang/Class;)Lorg/perfidix/exceptions/PerfidixMethodCheckException;" line-rate="1.0" branch-rate="1.0">
							<lines>
								<line number="336" hits="3475" branch="false"/>
								<line number="337" hits="48320" branch="true" condition-coverage="100% (2/2)">
									<conditions>
										<condition number="0" type="jump" coverage="100%"/>
									</conditions>
								</line>
								<line number="338" hits="44845" branch="true" condition-coverage="100% (2/2)">
									<conditions>
										<condition number="0" type="jump" coverage="100%"/>
									</conditions>
								</line>
								<line number="339" hits="3470" branch="false"/>
								<line number="343" hits="3475" branch="false"/>
								<line number="344" hits="3475" branch="true" condition-coverage="100% (2/2)">
									<conditions>
										<condition number="0" type="jump" coverage="100%"/>
									</conditions>
								</line>
								<line number="345" hits="5" branch="false"/>
								<line number="354" hits="3475" branch="true" condition-coverage="100% (2/2)">
									<conditions>
										<condition number="0" type="jump" coverage="100%"/>
									</conditions>
								</line>
								<line number="355" hits="5" branch="false"/>
								<line number="362" hits="3475" branch="false"/>
							</lines>
						</method>
						<method name="executeAfterMethods" signature="(Ljava/lang/Object;)V" line-rate="0.7647058823529411" branch-rate="1.0">
							<lines>
								<line number="232" hits="3943" branch="true" condition-coverage="100% (2/2)">
									<conditions>
										<condition number="0" type="jump" coverage="100%"/>
									</conditions>
								</line>
								<line number="233" hits="91" branch="false"/>
								<line number="234" hits="91" branch="false"/>
								<line number="236" hits="91" branch="false"/>
								<line number="237" hits="0" branch="false"/>
								<line number="238" hits="0" branch="false"/>
								<line number="239" hits="91" branch="false"/>
								<line number="240" hits="91" branch="true" condition-coverage="100% (2/2)">
									<conditions>
										<condition number="0" type="jump" coverage="100%"/>
									</conditions>
								</line>
								<line number="241" hits="56" branch="false"/>
								<line number="247" hits="3943" branch="false"/>
								<line number="249" hits="3943" branch="false"/>
								<line number="250" hits="0" branch="false"/>
								<line number="251" hits="0" branch="false"/>
								<line number="252" hits="3943" branch="false"/>
								<line number="253" hits="3943" branch="true" condition-coverage="100% (2/2)">
									<conditions>
										<condition number="0" type="jump" coverage="100%"/>
									</conditions>
								</line>
								<line number="254" hits="893" branch="false"/>
								<line number="257" hits="3943" branch="false"/>
							</lines>
						</method>
						<method name="executeBeforeMethods" signature="(Ljava/lang/Object;)V" line-rate="0.7647058823529411" branch-rate="1.0">
							<lines>
								<line number="150" hits="3943" branch="true" condition-coverage="100% (2/2)">
									<conditions>
										<condition number="0" type="jump" coverage="100%"/>
									</conditions>
								</line>
								<line number="151" hits="91" branch="false"/>
								<line number="153" hits="91" branch="false"/>
								<line number="155" hits="91" branch="false"/>
								<line number="156" hits="0" branch="false"/>
								<line number="157" hits="0" branch="false"/>
								<line number="158" hits="91" branch="false"/>
								<line number="159" hits="91" branch="true" condition-coverage="100% (2/2)">
									<conditions>
										<condition number="0" type="jump" coverage="100%"/>
									</conditions>
								</line>
								<line number="160" hits="56" branch="false"/>
								<line number="166" hits="3943" branch="false"/>
								<line number="168" hits="3943" branch="false"/>
								<line number="169" hits="0" branch="false"/>
								<line number="170" hits="0" branch="false"/>
								<line number="171" hits="3943" branch="false"/>
								<line number="172" hits="3943" branch="true" condition-coverage="100% (2/2)">
									<conditions>
										<condition number="0" type="jump" coverage="100%"/>
									</conditions>
								</line>
								<line number="173" hits="2393" branch="false"/>
								<line number="176" hits="3943" branch="false"/>
							</lines>
						</method>
						<method name="executeBench" signature="(Ljava/lang/Object;)V" line-rate="1.0" branch-rate="1.0">
							<lines>
								<line number="188" hits="3938" branch="false"/>
								<line number="190" hits="3938" branch="false"/>
								<line number="192" hits="3938" branch="false"/>
								<line number="193" hits="3938" branch="false"/>
								<line number="194" hits="3938" branch="true" condition-coverage="100% (2/2)">
									<conditions>
										<condition number="0" type="jump" coverage="100%"/>
									</conditions>
								</line>
								<line number="195" hits="6993" branch="false"/>
								<line number="196" hits="6993" branch="false"/>
								<line number="199" hits="3938" branch="false"/>
								<line number="202" hits="3938" branch="true" condition-coverage="100% (2/2)">
									<conditions>
										<condition number="0" type="jump" coverage="100%"/>
									</conditions>
								</line>
								<line number="203" hits="6993" branch="false"/>
								<line number="205" hits="6993" branch="false"/>
								<line number="208" hits="3938" branch="true" condition-coverage="100% (2/2)">
									<conditions>
										<condition number="0" type="jump" coverage="100%"/>
									</conditions>
								</line>
								<line number="209" hits="3914" branch="false"/>
								<line number="210" hits="3914" branch="true" condition-coverage="100% (2/2)">
									<conditions>
										<condition number="0" type="jump" coverage="100%"/>
									</conditions>
								</line>
								<line number="211" hits="6945" branch="false"/>
								<line number="214" hits="6945" branch="false"/>
								<line number="217" hits="24" branch="false"/>
								<line number="220" hits="3938" branch="false"/>
							</lines>
						</method>
						<method name="getExecutor" signature="(Lorg/perfidix/element/BenchmarkElement;)Lorg/perfidix/element/BenchmarkExecutor;" line-rate="0.8" branch-rate="0.75">
							<lines>
								<line number="109" hits="4018" branch="true" condition-coverage="50% (1/2)">
									<conditions>
										<condition number="0" type="jump" coverage="50%"/>
									</conditions>
								</line>
								<line number="110" hits="0" branch="false"/>
								<line number="114" hits="4018" branch="true" condition-coverage="100% (2/2)">
									<conditions>
										<condition number="0" type="jump" coverage="100%"/>
									</conditions>
								</line>
								<line number="115" hits="112" branch="false"/>
								<line number="119" hits="4018" branch="false"/>
							</lines>
						</method>
						<method name="initialize" signature="(Ljava/util/Set;Lorg/perfidix/result/BenchmarkResult;)V" line-rate="1.0" branch-rate="1.0">
							<lines>
								<line number="133" hits="67" branch="false"/>
								<line number="134" hits="67" branch="false"/>
								<line number="135" hits="67" branch="false"/>
								<line number="136" hits="67" branch="false"/>
								<line number="138" hits="67" branch="false"/>
							</lines>
						</method>
						<method name="invokeMethod" signature="(Ljava/lang/Object;Ljava/lang/reflect/Method;Ljava/lang/Class;)Lorg/perfidix/exceptions/PerfidixMethodInvocationException;" line-rate="0.6363636363636364" branch-rate="1.0">
							<lines>
								<line number="301" hits="7403" branch="false"/>
								<line number="302" hits="7403" branch="false"/>
								<line number="304" hits="7403" branch="false"/>
								<line number="305" hits="0" branch="false"/>
								<line number="306" hits="0" branch="false"/>
								<line number="308" hits="0" branch="false"/>
								<line number="309" hits="0" branch="false"/>
								<line number="311" hits="30" branch="false"/>
								<line number="312" hits="30" branch="false"/>
								<line number="315" hits="7373" branch="false"/>
								<line number="316" hits="7403" branch="false"/>
							</lines>
						</method>
					</methods>
					<lines>
						<line number="63" hits="6" branch="false"/>
						<line number="67" hits="6" branch="false"/>
						<line number="93" hits="112" branch="false"/>
						<line number="94" hits="112" branch="false"/>
						<line number="95" hits="112" branch="false"/>
						<line number="96" hits="112" branch="false"/>
						<line number="97" hits="112" branch="false"/>
						<line number="109" hits="4018" branch="true" condition-coverage="50% (1/2)">
							<conditions>
								<condition number="0" type="jump" coverage="50%"/>
							</conditions>
						</line>
						<line number="110" hits="0" branch="false"/>
						<line number="114" hits="4018" branch="true" condition-coverage="100% (2/2)">
							<conditions>
								<condition number="0" type="jump" coverage="100%"/>
							</conditions>
						</line>
						<line number="115" hits="112" branch="false"/>
						<line number="119" hits="4018" branch="false"/>
						<line number="133" hits="67" branch="false"/>
						<line number="134" hits="67" branch="false"/>
						<line number="135" hits="67" branch="false"/>
						<line number="136" hits="67" branch="false"/>
						<line number="138" hits="67" branch="false"/>
						<line number="150" hits="3943" branch="true" condition-coverage="100% (2/2)">
							<conditions>
								<condition number="0" type="jump" coverage="100%"/>
							</conditions>
						</line>
						<line number="151" hits="91" branch="false"/>
						<line number="153" hits="91" branch="false"/>
						<line number="155" hits="91" branch="false"/>
						<line number="156" hits="0" branch="false"/>
						<line number="157" hits="0" branch="false"/>
						<line number="158" hits="91" branch="false"/>
						<line number="159" hits="91" branch="true" condition-coverage="100% (2/2)">
							<conditions>
								<condition number="0" type="jump" coverage="100%"/>
							</conditions>
						</line>
						<line number="160" hits="56" branch="false"/>
						<line number="166" hits="3943" branch="false"/>
						<line number="168" hits="3943" branch="false"/>
						<line number="169" hits="0" branch="false"/>
						<line number="170" hits="0" branch="false"/>
						<line number="171" hits="3943" branch="false"/>
						<line number="172" hits="3943" branch="true" condition-coverage="100% (2/2)">
							<conditions>
								<condition number="0" type="jump" coverage="100%"/>
							</conditions>
						</line>
						<line number="173" hits="2393" branch="false"/>
						<line number="176" hits="3943" branch="false"/>
						<line number="188" hits="3938" branch="false"/>
						<line number="190" hits="3938" branch="false"/>
						<line number="192" hits="3938" branch="false"/>
						<line number="193" hits="3938" branch="false"/>
						<line number="194" hits="3938" branch="true" condition-coverage="100% (2/2)">
							<conditions>
								<condition number="0" type="jump" coverage="100%"/>
							</conditions>
						</line>
						<line number="195" hits="6993" branch="false"/>
						<line number="196" hits="6993" branch="false"/>
						<line number="199" hits="3938" branch="false"/>
						<line number="202" hits="3938" branch="true" condition-coverage="100% (2/2)">
							<conditions>
								<condition number="0" type="jump" coverage="100%"/>
							</conditions>
						</line>
						<line number="203" hits="6993" branch="false"/>
						<line number="205" hits="6993" branch="false"/>
						<line number="208" hits="3938" branch="true" condition-coverage="100% (2/2)">
							<conditions>
								<condition number="0" type="jump" coverage="100%"/>
							</conditions>
						</line>
						<line number="209" hits="3914" branch="false"/>
						<line number="210" hits="3914" branch="true" condition-coverage="100% (2/2)">
							<conditions>
								<condition number="0" type="jump" coverage="100%"/>
							</conditions>
						</line>
						<line number="211" hits="6945" branch="false"/>
						<line number="214" hits="6945" branch="false"/>
						<line number="217" hits="24" branch="false"/>
						<line number="220" hits="3938" branch="false"/>
						<line number="232" hits="3943" branch="true" condition-coverage="100% (2/2)">
							<conditions>
								<condition number="0" type="jump" coverage="100%"/>
							</conditions>
						</line>
						<line number="233" hits="91" branch="false"/>
						<line number="234" hits="91" branch="false"/>
						<line number="236" hits="91" branch="false"/>
						<line number="237" hits="0" branch="false"/>
						<line number="238" hits="0" branch="false"/>
						<line number="239" hits="91" branch="false"/>
						<line number="240" hits="91" branch="true" condition-coverage="100% (2/2)">
							<conditions>
								<condition number="0" type="jump" coverage="100%"/>
							</conditions>
						</line>
						<line number="241" hits="56" branch="false"/>
						<line number="247" hits="3943" branch="false"/>
						<line number="249" hits="3943" branch="false"/>
						<line number="250" hits="0" branch="false"/>
						<line number="251" hits="0" branch="false"/>
						<line number="252" hits="3943" branch="false"/>
						<line number="253" hits="3943" branch="true" condition-coverage="100% (2/2)">
							<conditions>
								<condition number="0" type="jump" coverage="100%"/>
							</conditions>
						</line>
						<line number="254" hits="893" branch="false"/>
						<line number="257" hits="3943" branch="false"/>
						<line number="272" hits="3398" branch="false"/>
						<line number="274" hits="3398" branch="true" condition-coverage="50% (1/2)">
							<conditions>
								<condition number="0" type="jump" coverage="50%"/>
							</conditions>
						</line>
						<line number="275" hits="3398" branch="false"/>
						<line number="277" hits="3398" branch="true" condition-coverage="50% (1/2)">
							<conditions>
								<condition number="0" type="jump" coverage="50%"/>
							</conditions>
						</line>
						<line number="278" hits="0" branch="false"/>
						<line number="281" hits="3398" branch="false"/>
						<line number="282" hits="0" branch="false"/>
						<line number="284" hits="3398" branch="false"/>
						<line number="301" hits="7403" branch="false"/>
						<line number="302" hits="7403" branch="false"/>
						<line number="304" hits="7403" branch="false"/>
						<line number="305" hits="0" branch="false"/>
						<line number="306" hits="0" branch="false"/>
						<line number="308" hits="0" branch="false"/>
						<line number="309" hits="0" branch="false"/>
						<line number="311" hits="30" branch="false"/>
						<line number="312" hits="30" branch="false"/>
						<line number="315" hits="7373" branch="false"/>
						<line number="316" hits="7403" branch="false"/>
						<line number="336" hits="3475" branch="false"/>
						<line number="337" hits="48320" branch="true" condition-coverage="100% (2/2)">
							<conditions>
								<condition number="0" type="jump" coverage="100%"/>
							</conditions>
						</line>
						<line number="338" hits="44845" branch="true" condition-coverage="100% (2/2)">
							<conditions>
								<condition number="0" type="jump" coverage="100%"/>
							</conditions>
						</line>
						<line number="339" hits="3470" branch="false"/>
						<line number="343" hits="3475" branch="false"/>
						<line number="344" hits="3475" branch="true" condition-coverage="100% (2/2)">
							<conditions>
								<condition number="0" type="jump" coverage="100%"/>
							</conditions>
						</line>
						<line number="345" hits="5" branch="false"/>
						<line number="354" hits="3475" branch="true" condition-coverage="100% (2/2)">
							<conditions>
								<condition number="0" type="jump" coverage="100%"/>
							</conditions>
						</line>
						<line number="355" hits="5" branch="false"/>
						<line number="362" hits="3475" branch="false"/>
					</lines>
				</class>
				<class name="org.perfidix.element.BenchmarkMethod" filename="org/perfidix/element/BenchmarkMethod.java" line-rate="0.8026315789473685" branch-rate="0.7745098039215687" complexity="6.357142857142857">
					<methods>
						<method name="&lt;init&gt;" signature="(Ljava/lang/reflect/Method;)V" line-rate="0.8" branch-rate="0.5">
							<lines>
								<line number="74" hits="330" branch="false"/>
								<line number="75" hits="330" branch="false"/>
								<line number="76" hits="330" branch="true" condition-coverage="50% (1/2)">
									<conditions>
										<condition number="0" type="jump" coverage="50%"/>
									</conditions>
								</line>
								<line number="77" hits="0" branch="false"/>
								<line number="81" hits="330" branch="false"/>
							</lines>
						</method>
						<method name="equals" signature="(Ljava/lang/Object;)Z" line-rate="0.6428571428571429" branch-rate="0.5">
							<lines>
								<line number="556" hits="35706" branch="false"/>
								<line number="557" hits="35706" branch="true" condition-coverage="100% (2/2)">
									<conditions>
										<condition number="0" type="jump" coverage="100%"/>
									</conditions>
								</line>
								<line number="558" hits="33396" branch="false"/>
								<line number="560" hits="35706" branch="true" condition-coverage="50% (1/2)">
									<conditions>
										<condition number="0" type="jump" coverage="50%"/>
									</conditions>
								</line>
								<line number="561" hits="0" branch="false"/>
								<line number="563" hits="35706" branch="true" condition-coverage="50% (1/2)">
									<conditions>
										<condition number="0" type="jump" coverage="50%"/>
									</conditions>
								</line>
								<line number="564" hits="0" branch="false"/>
								<line number="566" hits="35706" branch="false"/>
								<line number="567" hits="35706" branch="true" condition-coverage="50% (1/2)">
									<conditions>
										<condition number="0" type="jump" coverage="50%"/>
									</conditions>
								</line>
								<line number="568" hits="0" branch="true" condition-coverage="0% (0/2)">
									<conditions>
										<condition number="0" type="jump" coverage="0%"/>
									</conditions>
								</line>
								<line number="569" hits="0" branch="false"/>
								<line number="572" hits="35706" branch="true" condition-coverage="50% (1/2)">
									<conditions>
										<condition number="0" type="jump" coverage="50%"/>
									</conditions>
								</line>
								<line number="573" hits="0" branch="false"/>
								<line number="577" hits="35706" branch="false"/>
							</lines>
						</method>
						<method name="findAfterEachRun" signature="()Ljava/lang/reflect/Method;" line-rate="0.6875" branch-rate="0.75">
							<lines>
								<line number="228" hits="3953" branch="false"/>
								<line number="230" hits="3953" branch="false"/>
								<line number="231" hits="3953" branch="true" condition-coverage="75% (3/4)">
									<conditions>
										<condition number="0" type="jump" coverage="50%"/>
										<condition number="1" type="jump" coverage="100%"/>
									</conditions>
								</line>
								<line number="234" hits="5" branch="false"/>
								<line number="237" hits="5" branch="false"/>
								<line number="241" hits="0" branch="false"/>
								<line number="242" hits="0" branch="false"/>
								<line number="244" hits="0" branch="false"/>
								<line number="245" hits="0" branch="false"/>
								<line number="247" hits="5" branch="false"/>
								<line number="253" hits="3953" branch="true" condition-coverage="100% (2/2)">
									<conditions>
										<condition number="0" type="jump" coverage="100%"/>
									</conditions>
								</line>
								<line number="254" hits="3948" branch="false"/>
								<line number="258" hits="5" branch="true" condition-coverage="50% (1/2)">
									<conditions>
										<condition number="0" type="jump" coverage="50%"/>
									</conditions>
								</line>
								<line number="259" hits="5" branch="false"/>
								<line number="261" hits="0" branch="false"/>
								<line number="268" hits="3953" branch="false"/>
							</lines>
						</method>
						<method name="findAfterLastRun" signature="()Ljava/lang/reflect/Method;" line-rate="0.6875" branch-rate="0.75">
							<lines>
								<line number="289" hits="101" branch="false"/>
								<line number="291" hits="101" branch="false"/>
								<line number="292" hits="101" branch="true" condition-coverage="75% (3/4)">
									<conditions>
										<condition number="0" type="jump" coverage="50%"/>
										<condition number="1" type="jump" coverage="100%"/>
									</conditions>
								</line>
								<line number="295" hits="5" branch="false"/>
								<line number="298" hits="5" branch="false"/>
								<line number="302" hits="0" branch="false"/>
								<line number="303" hits="0" branch="false"/>
								<line number="305" hits="0" branch="false"/>
								<line number="306" hits="0" branch="false"/>
								<line number="308" hits="5" branch="false"/>
								<line number="314" hits="101" branch="true" condition-coverage="100% (2/2)">
									<conditions>
										<condition number="0" type="jump" coverage="100%"/>
									</conditions>
								</line>
								<line number="315" hits="96" branch="false"/>
								<line number="319" hits="5" branch="true" condition-coverage="50% (1/2)">
									<conditions>
										<condition number="0" type="jump" coverage="50%"/>
									</conditions>
								</line>
								<line number="320" hits="5" branch="false"/>
								<line number="322" hits="0" branch="false"/>
								<line number="329" hits="101" branch="false"/>
							</lines>
						</method>
						<method name="findAndCheckAnyMethodByAnnotation" signature="(Ljava/lang/Class;Ljava/lang/Class;)Ljava/lang/reflect/Method;" line-rate="0.9" branch-rate="0.875">
							<lines>
								<line number="388" hits="6690" branch="false"/>
								<line number="391" hits="6690" branch="false"/>
								<line number="392" hits="76190" branch="true" condition-coverage="100% (2/2)">
									<conditions>
										<condition number="0" type="jump" coverage="100%"/>
									</conditions>
								</line>
								<line number="393" hits="69505" branch="true" condition-coverage="100% (2/2)">
									<conditions>
										<condition number="0" type="jump" coverage="100%"/>
									</conditions>
								</line>
								<line number="396" hits="1990" branch="true" condition-coverage="100% (2/2)">
									<conditions>
										<condition number="0" type="jump" coverage="100%"/>
									</conditions>
								</line>
								<line number="399" hits="1985" branch="true" condition-coverage="50% (1/2)">
									<conditions>
										<condition number="0" type="jump" coverage="50%"/>
									</conditions>
								</line>
								<line number="400" hits="1985" branch="false"/>
								<line number="402" hits="0" branch="false"/>
								<line number="411" hits="5" branch="false"/>
								<line number="421" hits="6685" branch="false"/>
							</lines>
						</method>
						<method name="findBeforeEachRun" signature="()Ljava/lang/reflect/Method;" line-rate="0.6875" branch-rate="0.75">
							<lines>
								<line number="166" hits="3953" branch="false"/>
								<line number="168" hits="3953" branch="false"/>
								<line number="169" hits="3953" branch="true" condition-coverage="75% (3/4)">
									<conditions>
										<condition number="0" type="jump" coverage="50%"/>
										<condition number="1" type="jump" coverage="100%"/>
									</conditions>
								</line>
								<line number="172" hits="1505" branch="false"/>
								<line number="175" hits="1505" branch="false"/>
								<line number="179" hits="0" branch="false"/>
								<line number="180" hits="0" branch="false"/>
								<line number="182" hits="0" branch="false"/>
								<line number="183" hits="0" branch="false"/>
								<line number="185" hits="1505" branch="false"/>
								<line number="191" hits="3953" branch="true" condition-coverage="100% (2/2)">
									<conditions>
										<condition number="0" type="jump" coverage="100%"/>
									</conditions>
								</line>
								<line number="192" hits="2448" branch="false"/>
								<line number="196" hits="1505" branch="true" condition-coverage="50% (1/2)">
									<conditions>
										<condition number="0" type="jump" coverage="50%"/>
									</conditions>
								</line>
								<line number="197" hits="1505" branch="false"/>
								<line number="199" hits="0" branch="false"/>
								<line number="207" hits="3953" branch="false"/>
							</lines>
						</method>
						<method name="findBeforeFirstRun" signature="()Ljava/lang/reflect/Method;" line-rate="0.7058823529411765" branch-rate="0.75">
							<lines>
								<line number="101" hits="101" branch="false"/>
								<line number="103" hits="101" branch="false"/>
								<line number="104" hits="101" branch="true" condition-coverage="75% (3/4)">
									<conditions>
										<condition number="0" type="jump" coverage="50%"/>
										<condition number="1" type="jump" coverage="100%"/>
									</conditions>
								</line>
								<line number="107" hits="5" branch="false"/>
								<line number="110" hits="5" branch="false"/>
								<line number="115" hits="0" branch="false"/>
								<line number="116" hits="0" branch="false"/>
								<line number="118" hits="0" branch="false"/>
								<line number="119" hits="0" branch="false"/>
								<line number="121" hits="5" branch="false"/>
								<line number="126" hits="101" branch="false"/>
								<line number="127" hits="101" branch="true" condition-coverage="100% (2/2)">
									<conditions>
										<condition number="0" type="jump" coverage="100%"/>
									</conditions>
								</line>
								<line number="128" hits="96" branch="false"/>
								<line number="133" hits="5" branch="true" condition-coverage="50% (1/2)">
									<conditions>
										<condition number="0" type="jump" coverage="50%"/>
									</conditions>
								</line>
								<line number="134" hits="5" branch="false"/>
								<line number="136" hits="0" branch="false"/>
								<line number="144" hits="101" branch="false"/>
							</lines>
						</method>
						<method name="getMethodToBench" signature="()Ljava/lang/reflect/Method;" line-rate="1.0" branch-rate="1.0">
							<lines>
								<line number="338" hits="31332" branch="false"/>
							</lines>
						</method>
						<method name="getMethodWithClassName" signature="()Ljava/lang/String;" line-rate="0.0" branch-rate="1.0">
							<lines>
								<line number="597" hits="0" branch="false"/>
							</lines>
						</method>
						<method name="getNumberOfAnnotatedRuns" signature="(Ljava/lang/reflect/Method;)I" line-rate="1.0" branch-rate="1.0">
							<lines>
								<line number="352" hits="190" branch="true" condition-coverage="100% (2/2)">
									<conditions>
										<condition number="0" type="jump" coverage="100%"/>
									</conditions>
								</line>
								<line number="353" hits="5" branch="false"/>
								<line number="357" hits="185" branch="false"/>
								<line number="358" hits="185" branch="false"/>
								<line number="361" hits="185" branch="true" condition-coverage="100% (2/2)">
									<conditions>
										<condition number="0" type="jump" coverage="100%"/>
									</conditions>
								</line>
								<line number="362" hits="5" branch="false"/>
								<line number="364" hits="180" branch="false"/>
								<line number="366" hits="185" branch="false"/>
							</lines>
						</method>
						<method name="hashCode" signature="()I" line-rate="0.8333333333333334" branch-rate="0.5">
							<lines>
								<line number="542" hits="41978" branch="false"/>
								<line number="543" hits="41978" branch="false"/>
								<line number="544" hits="41978" branch="true" condition-coverage="50% (1/2)">
									<conditions>
										<condition number="0" type="jump" coverage="50%"/>
									</conditions>
								</line>
								<line number="545" hits="0" branch="false"/>
								<line number="547" hits="41978" branch="false"/>
								<line number="550" hits="41978" branch="false"/>
							</lines>
						</method>
						<method name="isBenchmarkable" signature="(Ljava/lang/reflect/Method;)Z" line-rate="1.0" branch-rate="0.8125">
							<lines>
								<line number="434" hits="1411" branch="false"/>
								<line number="438" hits="1411" branch="false"/>
								<line number="442" hits="1411" branch="false"/>
								<line number="443" hits="1411" branch="true" condition-coverage="100% (2/2)">
									<conditions>
										<condition number="0" type="jump" coverage="100%"/>
									</conditions>
								</line>
								<line number="444" hits="10" branch="false"/>
								<line number="451" hits="1411" branch="false"/>
								<line number="453" hits="1411" branch="true" condition-coverage="75% (3/4)">
									<conditions>
										<condition number="0" type="jump" coverage="100%"/>
										<condition number="1" type="jump" coverage="50%"/>
									</conditions>
								</line>
								<line number="454" hits="53" branch="false"/>
								<line number="457" hits="1411" branch="false"/>
								<line number="459" hits="1411" branch="true" condition-coverage="75% (3/4)">
									<conditions>
										<condition number="0" type="jump" coverage="100%"/>
										<condition number="1" type="jump" coverage="50%"/>
									</conditions>
								</line>
								<line number="460" hits="47" branch="false"/>
								<line number="463" hits="1411" branch="false"/>
								<line number="465" hits="1411" branch="true" condition-coverage="75% (3/4)">
									<conditions>
										<condition number="0" type="jump" coverage="100%"/>
										<condition number="1" type="jump" coverage="50%"/>
									</conditions>
								</line>
								<line number="466" hits="47" branch="false"/>
								<line number="469" hits="1411" branch="false"/>
								<line number="471" hits="1411" branch="true" condition-coverage="75% (3/4)">
									<conditions>
										<condition number="0" type="jump" coverage="100%"/>
										<condition number="1" type="jump" coverage="50%"/>
									</conditions>
								</line>
								<line number="472" hits="47" branch="false"/>
								<line number="475" hits="1411" branch="false"/>
								<line number="477" hits="1411" branch="true" condition-coverage="75% (3/4)">
									<conditions>
										<condition number="0" type="jump" coverage="100%"/>
										<condition number="1" type="jump" coverage="50%"/>
									</conditions>
								</line>
								<line number="478" hits="47" branch="false"/>
								<line number="481" hits="1411" branch="false"/>
								<line number="483" hits="1411" branch="true" condition-coverage="75% (3/4)">
									<conditions>
										<condition number="0" type="jump" coverage="100%"/>
										<condition number="1" type="jump" coverage="50%"/>
									</conditions>
								</line>
								<line number="484" hits="32" branch="false"/>
								<line number="490" hits="1411" branch="false"/>
								<line number="492" hits="1411" branch="true" condition-coverage="100% (4/4)">
									<conditions>
[...]
						<method name="&lt;init&gt;" signature="(Ljava/lang/reflect/Method;)V" line-rate="1.0" branch-rate="1.0">
							<lines>
								<line number="48" hits="286" branch="false"/>
								<line number="49" hits="286" branch="false"/>
							</lines>
						</method>
						<method name="getElementName" signature="()Ljava/lang/String;" line-rate="1.0" branch-rate="1.0">
							<lines>
								<line number="54" hits="95" branch="false"/>
							</lines>
						</method>
					</methods>
					<lines>
						<line number="48" hits="286" branch="false"/>
						<line number="49" hits="286" branch="false"/>
						<line number="54" hits="95" branch="false"/>
					</lines>
				</class>
			</classes>
		</package>
		<package name="org.perfidix.socketadapter" line-rate="0.21904761904761905" branch-rate="0.0" complexity="2.2962962962962963">
			<classes>
				<class name="org.perfidix.socketadapter.IBenchRunSessionListener" filename="org/perfidix/socketadapter/IBenchRunSessionListener.java" line-rate="1.0" branch-rate="1.0" complexity="1.0">
					<methods>
					</methods>
					<lines>
					</lines>
				</class>
				<class name="org.perfidix.socketadapter.IUpdater" filename="org/perfidix/socketadapter/IUpdater.java" line-rate="1.0" branch-rate="1.0" complexity="1.0">
					<methods>
					</methods>
					<lines>
					</lines>
				</class>
				<class name="org.perfidix.socketadapter.SocketAdapter" filename="org/perfidix/socketadapter/SocketAdapter.java" line-rate="0.8888888888888888" branch-rate="1.0" complexity="1.6666666666666667">
					<methods>
						<method name="&lt;init&gt;" signature="(Lorg/perfidix/socketadapter/IUpdater;[Ljava/lang/String;)V" line-rate="1.0" branch-rate="1.0">
							<lines>
								<line number="67" hits="5" branch="false"/>
								<line number="68" hits="5" branch="false"/>
								<line number="71" hits="5" branch="false"/>
								<line number="72" hits="5" branch="false"/>
								<line number="74" hits="5" branch="false"/>
								<line number="76" hits="5" branch="false"/>
								<line number="79" hits="5" branch="false"/>
								<line number="84" hits="5" branch="false"/>
								<line number="86" hits="5" branch="false"/>
							</lines>
						</method>
						<method name="registerClasses" signature="([Ljava/lang/String;)Z" line-rate="0.6" branch-rate="1.0">
							<lines>
								<line number="100" hits="5" branch="false"/>
								<line number="102" hits="5" branch="false"/>
								<line number="104" hits="5" branch="false"/>
								<line number="106" hits="0" branch="false"/>
								<line number="108" hits="0" branch="false"/>
							</lines>
						</method>
						<method name="runBenchmark" signature="()Z" line-rate="1.0" branch-rate="1.0">
							<lines>
								<line number="119" hits="5" branch="false"/>
								<line number="120" hits="5" branch="false"/>
								<line number="121" hits="5" branch="false"/>
								<line number="122" hits="5" branch="false"/>
							</lines>
						</method>
					</methods>
					<lines>
						<line number="67" hits="5" branch="false"/>
						<line number="68" hits="5" branch="false"/>
						<line number="71" hits="5" branch="false"/>
						<line number="72" hits="5" branch="false"/>
						<line number="74" hits="5" branch="false"/>
						<line number="76" hits="5" branch="false"/>
						<line number="79" hits="5" branch="false"/>
						<line number="84" hits="5" branch="false"/>
						<line number="86" hits="5" branch="false"/>
						<line number="100" hits="5" branch="false"/>
						<line number="102" hits="5" branch="false"/>
						<line number="104" hits="5" branch="false"/>
						<line number="106" hits="0" branch="false"/>
						<line number="108" hits="0" branch="false"/>
						<line number="119" hits="5" branch="false"/>
						<line number="120" hits="5" branch="false"/>
						<line number="121" hits="5" branch="false"/>
						<line number="122" hits="5" branch="false"/>
					</lines>
				</class>
				<class name="org.perfidix.socketadapter.SocketAdapter$1" filename="org/perfidix/socketadapter/SocketAdapter.java" line-rate="1.0" branch-rate="1.0" complexity="1.6666666666666667">
					<methods>
						<method name="&lt;init&gt;" signature="(Lorg/perfidix/socketadapter/SocketAdapter;I[Lorg/perfidix/meter/AbstractMeter;[Lorg/perfidix/ouput/AbstractOutput;Lorg/perfidix/element/KindOfArrangement;D)V" line-rate="1.0" branch-rate="1.0">
							<lines>
								<line number="82" hits="5" branch="false"/>
							</lines>
						</method>
					</methods>
					<lines>
						<line number="82" hits="5" branch="false"/>
					</lines>
				</class>
				<class name="org.perfidix.socketadapter.SocketListener" filename="org/perfidix/socketadapter/SocketListener.java" line-rate="0.6" branch-rate="1.0" complexity="2.75">
					<methods>
						<method name="&lt;init&gt;" signature="(Lorg/perfidix/socketadapter/IUpdater;)V" line-rate="1.0" branch-rate="1.0">
							<lines>
								<line number="58" hits="35" branch="false"/>
								<line number="59" hits="35" branch="false"/>
								<line number="60" hits="35" branch="false"/>
							</lines>
						</method>
						<method name="listenToException" signature="(Lorg/perfidix/exceptions/AbstractPerfidixMethodException;)Z" line-rate="0.3333333333333333" branch-rate="1.0">
							<lines>
								<line number="68" hits="24" branch="false"/>
								<line number="72" hits="0" branch="false"/>
								<line number="74" hits="0" branch="false"/>
							</lines>
						</method>
						<method name="listenToResultSet" signature="(Ljava/lang/reflect/Method;Lorg/perfidix/meter/AbstractMeter;D)Z" line-rate="0.3333333333333333" branch-rate="1.0">
							<lines>
								<line number="86" hits="6062" branch="false"/>
								<line number="89" hits="0" branch="false"/>
								<line number="91" hits="0" branch="false"/>
							</lines>
						</method>
						<method name="visitBenchmark" signature="(Lorg/perfidix/result/BenchmarkResult;)V" line-rate="1.0" branch-rate="1.0">
							<lines>
								<line number="99" hits="5" branch="false"/>
							</lines>
						</method>
					</methods>
					<lines>
						<line number="58" hits="35" branch="false"/>
						<line number="59" hits="35" branch="false"/>
						<line number="60" hits="35" branch="false"/>
						<line number="68" hits="24" branch="false"/>
						<line number="72" hits="0" branch="false"/>
						<line number="74" hits="0" branch="false"/>
						<line number="86" hits="6062" branch="false"/>
						<line number="89" hits="0" branch="false"/>
						<line number="91" hits="0" branch="false"/>
						<line number="99" hits="5" branch="false"/>
					</lines>
				</class>
				<class name="org.perfidix.socketadapter.SocketViewProgressUpdater" filename="org/perfidix/socketadapter/SocketViewProgressUpdater.java" line-rate="0.0" branch-rate="0.0" complexity="2.7142857142857144">
					<methods>
						<method name="&lt;init&gt;" signature="(Ljava/lang/String;I)V" line-rate="0.0" branch-rate="0.0">
							<lines>
								<line number="49" hits="0" branch="false"/>
								<line number="50" hits="0" branch="false"/>
								<line number="64" hits="0" branch="false"/>
								<line number="65" hits="0" branch="false"/>
								<line number="66" hits="0" branch="true" condition-coverage="0% (0/4)">
									<conditions>
										<condition number="0" type="jump" coverage="0%"/>
										<condition number="1" type="jump" coverage="0%"/>
									</conditions>
								</line>
								<line number="68" hits="0" branch="false"/>
								<line number="70" hits="0" branch="false"/>
								<line number="72" hits="0" branch="false"/>
							</lines>
						</method>
						<method name="finished" signature="()V" line-rate="0.0" branch-rate="1.0">
							<lines>
								<line number="166" hits="0" branch="false"/>
								<line number="167" hits="0" branch="false"/>
								<line number="168" hits="0" branch="false"/>
							</lines>
						</method>
						<method name="getRegMeter" signature="()I" line-rate="0.0" branch-rate="1.0">
							<lines>
								<line number="190" hits="0" branch="false"/>
							</lines>
						</method>
						<method name="initProgressView" signature="(Ljava/util/Map;)Z" line-rate="0.0" branch-rate="0.0">
							<lines>
								<line number="85" hits="0" branch="true" condition-coverage="0% (0/2)">
									<conditions>
										<condition number="0" type="jump" coverage="0%"/>
									</conditions>
								</line>
								<line number="87" hits="0" branch="false"/>
								<line number="89" hits="0" branch="false"/>
								<line number="90" hits="0" branch="true" condition-coverage="0% (0/2)">
									<conditions>
										<condition number="0" type="jump" coverage="0%"/>
									</conditions>
								</line>
								<line number="93" hits="0" branch="false"/>
								<line number="97" hits="0" branch="false"/>
								<line number="99" hits="0" branch="false"/>
							</lines>
						</method>
						<method name="registerFirstMeterHash" signature="(Lorg/perfidix/meter/AbstractMeter;)V" line-rate="0.0" branch-rate="1.0">
							<lines>
								<line number="179" hits="0" branch="false"/>
								<line number="180" hits="0" branch="false"/>
								<line number="181" hits="0" branch="false"/>
							</lines>
						</method>
						<method name="updateCurrentElement" signature="(Lorg/perfidix/meter/AbstractMeter;Ljava/lang/String;)Z" line-rate="0.0" branch-rate="0.0">
							<lines>
								<line number="115" hits="0" branch="true" condition-coverage="0% (0/4)">
									<conditions>
										<condition number="0" type="jump" coverage="0%"/>
										<condition number="1" type="jump" coverage="0%"/>
									</conditions>
								</line>
								<line number="117" hits="0" branch="false"/>
								<line number="119" hits="0" branch="true" condition-coverage="0% (0/4)">
									<conditions>
										<condition number="0" type="jump" coverage="0%"/>
										<condition number="1" type="jump" coverage="0%"/>
									</conditions>
								</line>
								<line number="121" hits="0" branch="false"/>
								<line number="123" hits="0" branch="false"/>
							</lines>
						</method>
						<method name="updateErrorInElement" signature="(Ljava/lang/String;Ljava/lang/Exception;)Z" line-rate="0.0" branch-rate="0.0">
							<lines>
								<line number="140" hits="0" branch="true" condition-coverage="0% (0/4)">
									<conditions>
										<condition number="0" type="jump" coverage="0%"/>
										<condition number="1" type="jump" coverage="0%"/>
									</conditions>
								</line>
								<line number="142" hits="0" branch="true" condition-coverage="0% (0/2)">
									<conditions>
										<condition number="0" type="jump" coverage="0%"/>
									</conditions>
								</line>
								<line number="144" hits="0" branch="false"/>
								<line number="145" hits="0" branch="false"/>
								<line number="148" hits="0" branch="true" condition-coverage="0% (0/2)">
									<conditions>
										<condition number="0" type="jump" coverage="0%"/>
									</conditions>
								</line>
								<line number="150" hits="0" branch="false"/>
								<line number="151" hits="0" branch="false"/>
								<line number="155" hits="0" branch="false"/>
							</lines>
						</method>
					</methods>
					<lines>
						<line number="49" hits="0" branch="false"/>
						<line number="50" hits="0" branch="false"/>
						<line number="64" hits="0" branch="false"/>
						<line number="65" hits="0" branch="false"/>
						<line number="66" hits="0" branch="true" condition-coverage="0% (0/4)">
							<conditions>
								<condition number="0" type="jump" coverage="0%"/>
								<condition number="1" type="jump" coverage="0%"/>
							</conditions>
						</line>
						<line number="68" hits="0" branch="false"/>
						<line number="70" hits="0" branch="false"/>
						<line number="72" hits="0" branch="false"/>
						<line number="85" hits="0" branch="true" condition-coverage="0% (0/2)">
							<conditions>
								<condition number="0" type="jump" coverage="0%"/>
							</conditions>
						</line>
						<line number="87" hits="0" branch="false"/>
						<line number="89" hits="0" branch="false"/>
						<line number="90" hits="0" branch="true" condition-coverage="0% (0/2)">
							<conditions>
								<condition number="0" type="jump" coverage="0%"/>
							</conditions>
						</line>
						<line number="93" hits="0" branch="false"/>
						<line number="97" hits="0" branch="false"/>
						<line number="99" hits="0" branch="false"/>
						<line number="115" hits="0" branch="true" condition-coverage="0% (0/4)">
							<conditions>
								<condition number="0" type="jump" coverage="0%"/>
								<condition number="1" type="jump" coverage="0%"/>
							</conditions>
						</line>
						<line number="117" hits="0" branch="false"/>
						<line number="119" hits="0" branch="true" condition-coverage="0% (0/4)">
							<conditions>
								<condition number="0" type="jump" coverage="0%"/>
								<condition number="1" type="jump" coverage="0%"/>
							</conditions>
						</line>
						<line number="121" hits="0" branch="false"/>
						<line number="123" hits="0" branch="false"/>
						<line number="140" hits="0" branch="true" condition-coverage="0% (0/4)">
							<conditions>
								<condition number="0" type="jump" coverage="0%"/>
								<condition number="1" type="jump" coverage="0%"/>
							</conditions>
						</line>
						<line number="142" hits="0" branch="true" condition-coverage="0% (0/2)">
							<conditions>
								<condition number="0" type="jump" coverage="0%"/>
							</conditions>
						</line>
						<line number="144" hits="0" branch="false"/>
						<line number="145" hits="0" branch="false"/>
						<line number="148" hits="0" branch="true" condition-coverage="0% (0/2)">
							<conditions>
								<condition number="0" type="jump" coverage="0%"/>
							</conditions>
						</line>
						<line number="150" hits="0" branch="false"/>
						<line number="151" hits="0" branch="false"/>
						<line number="155" hits="0" branch="false"/>
						<line number="166" hits="0" branch="false"/>
						<line number="167" hits="0" branch="false"/>
						<line number="168" hits="0" branch="false"/>
						<line number="179" hits="0" branch="false"/>
						<line number="180" hits="0" branch="false"/>
						<line number="181" hits="0" branch="false"/>
						<line number="190" hits="0" branch="false"/>
					</lines>
				</class>
				<class name="org.perfidix.socketadapter.SocketViewStub" filename="org/perfidix/socketadapter/SocketViewStub.java" line-rate="0.0" branch-rate="0.0" complexity="3.8">
					<methods>
						<method name="&lt;init&gt;" signature="(Ljava/lang/String;I)V" line-rate="0.0" branch-rate="0.0">
							<lines>
								<line number="79" hits="0" branch="false"/>
								<line number="80" hits="0" branch="true" condition-coverage="0% (0/2)">
									<conditions>
										<condition number="0" type="jump" coverage="0%"/>
									</conditions>
								</line>
								<line number="81" hits="0" branch="false"/>
								<line number="83" hits="0" branch="false"/>
								<line number="86" hits="0" branch="false"/>
								<line number="87" hits="0" branch="false"/>
								<line number="88" hits="0" branch="false"/>
								<line number="89" hits="0" branch="false"/>
								<line number="90" hits="0" branch="false"/>
								<line number="91" hits="0" branch="false"/>
								<line number="92" hits="0" branch="false"/>
								<line number="94" hits="0" branch="false"/>
							</lines>
						</method>
						<method name="finishedBenchRuns" signature="()Z" line-rate="0.0" branch-rate="1.0">
							<lines>
								<line number="140" hits="0" branch="false"/>
								<line number="142" hits="0" branch="false"/>
								<line number="143" hits="0" branch="false"/>
								<line number="144" hits="0" branch="false"/>
								<line number="145" hits="0" branch="false"/>
								<line number="146" hits="0" branch="false"/>
								<line number="147" hits="0" branch="false"/>
							</lines>
						</method>
						<method name="initTotalBenchProgress" signature="(Ljava/util/Map;)V" line-rate="0.0" branch-rate="1.0">
							<lines>
								<line number="99" hits="0" branch="false"/>
								<line number="101" hits="0" branch="false"/>
								<line number="102" hits="0" branch="false"/>
								<line number="103" hits="0" branch="false"/>
								<line number="104" hits="0" branch="false"/>
								<line number="105" hits="0" branch="false"/>
								<line number="107" hits="0" branch="false"/>
							</lines>
						</method>
						<method name="updateCurrentRun" signature="(Ljava/lang/String;)V" line-rate="0.0" branch-rate="1.0">
							<lines>
								<line number="112" hits="0" branch="false"/>
								<line number="114" hits="0" branch="false"/>
								<line number="115" hits="0" branch="false"/>
								<line number="116" hits="0" branch="false"/>
								<line number="117" hits="0" branch="false"/>
								<line number="118" hits="0" branch="false"/>
								<line number="120" hits="0" branch="false"/>
							</lines>
						</method>
						<method name="updateError" signature="(Ljava/lang/String;Ljava/lang/String;)V" line-rate="0.0" branch-rate="1.0">
							<lines>
								<line number="127" hits="0" branch="false"/>
								<line number="129" hits="0" branch="false"/>
								<line number="130" hits="0" branch="false"/>
								<line number="131" hits="0" branch="false"/>
								<line number="132" hits="0" branch="false"/>
								<line number="133" hits="0" branch="false"/>
								<line number="134" hits="0" branch="false"/>
								<line number="136" hits="0" branch="false"/>
							</lines>
						</method>
					</methods>
					<lines>
						<line number="79" hits="0" branch="false"/>
						<line number="80" hits="0" branch="true" condition-coverage="0% (0/2)">
							<conditions>
								<condition number="0" type="jump" coverage="0%"/>
							</conditions>
						</line>
						<line number="81" hits="0" branch="false"/>
						<line number="83" hits="0" branch="false"/>
						<line number="86" hits="0" branch="false"/>
						<line number="87" hits="0" branch="false"/>
						<line number="88" hits="0" branch="false"/>
						<line number="89" hits="0" branch="false"/>
						<line number="90" hits="0" branch="false"/>
						<line number="91" hits="0" branch="false"/>
						<line number="92" hits="0" branch="false"/>
						<line number="94" hits="0" branch="false"/>
						<line number="99" hits="0" branch="false"/>
						<line number="101" hits="0" branch="false"/>
						<line number="102" hits="0" branch="false"/>
						<line number="103" hits="0" branch="false"/>
						<line number="104" hits="0" branch="false"/>
						<line number="105" hits="0" branch="false"/>
						<line number="107" hits="0" branch="false"/>
						<line number="112" hits="0" branch="false"/>
						<line number="114" hits="0" branch="false"/>
						<line number="115" hits="0" branch="false"/>
						<line number="116" hits="0" branch="false"/>
						<line number="117" hits="0" branch="false"/>
						<line number="118" hits="0" branch="false"/>
						<line number="120" hits="0" branch="false"/>
						<line number="127" hits="0" branch="false"/>
						<line number="129" hits="0" branch="false"/>
						<line number="130" hits="0" branch="false"/>
						<line number="131" hits="0" branch="false"/>
						<line number="132" hits="0" branch="false"/>
						<line number="133" hits="0" branch="false"/>
						<line number="134" hits="0" branch="false"/>
						<line number="136" hits="0" branch="false"/>
						<line number="140" hits="0" branch="false"/>
						<line number="142" hits="0" branch="false"/>
						<line number="143" hits="0" branch="false"/>
						<line number="144" hits="0" branch="false"/>
						<line number="145" hits="0" branch="false"/>
						<line number="146" hits="0" branch="false"/>
						<line number="147" hits="0" branch="false"/>
					</lines>
				</class>
			</classes>
		</package>
	</packages>
</coverage>
